Compiling the CXX compiler identification source file "CMakeCXXCompilerId.cpp" failed.
Compiler: /usr/bin/clang++ 
Build flags: 
Id flags:  

The output was:
1
/usr/bin/ld: cannot find -lstdc++: No such file or directory
clang: error: linker command failed with exit code 1 (use -v to see invocation)


Detecting CXX compiler ABI info failed to compile with the following output:
Change Dir: /home/eaboudi/Desktop/httpserver/build/CMakeFiles/CMakeTmp

Run Build Command(s):/usr/bin/gmake -f Makefile cmTC_02d48/fast && /usr/bin/gmake  -f CMakeFiles/cmTC_02d48.dir/build.make CMakeFiles/cmTC_02d48.dir/build
gmake[1]: Entering directory '/home/eaboudi/Desktop/httpserver/build/CMakeFiles/CMakeTmp'
Building CXX object CMakeFiles/cmTC_02d48.dir/CMakeCXXCompilerABI.cpp.o
/usr/bin/clang++   -v -MD -MT CMakeFiles/cmTC_02d48.dir/CMakeCXXCompilerABI.cpp.o -MF CMakeFiles/cmTC_02d48.dir/CMakeCXXCompilerABI.cpp.o.d -o CMakeFiles/cmTC_02d48.dir/CMakeCXXCompilerABI.cpp.o -c /usr/share/cmake-3.22/Modules/CMakeCXXCompilerABI.cpp
Ubuntu clang version 12.0.1-19ubuntu3
Target: x86_64-pc-linux-gnu
Thread model: posix
InstalledDir: /usr/bin
Found candidate GCC installation: /usr/bin/../lib/gcc/x86_64-linux-gnu/10
Found candidate GCC installation: /usr/bin/../lib/gcc/x86_64-linux-gnu/11
Found candidate GCC installation: /usr/bin/../lib/gcc/x86_64-linux-gnu/12
Found candidate GCC installation: /usr/lib/gcc/x86_64-linux-gnu/10
Found candidate GCC installation: /usr/lib/gcc/x86_64-linux-gnu/11
Found candidate GCC installation: /usr/lib/gcc/x86_64-linux-gnu/12
Selected GCC installation: /usr/bin/../lib/gcc/x86_64-linux-gnu/12
Candidate multilib: .;@m64
Selected multilib: .;@m64
 (in-process)
 "/usr/lib/llvm-12/bin/clang" -cc1 -triple x86_64-pc-linux-gnu -emit-obj -mrelax-all --mrelax-relocations -disable-free -disable-llvm-verifier -discard-value-names -main-file-name CMakeCXXCompilerABI.cpp -mrelocation-model static -mframe-pointer=all -fmath-errno -fno-rounding-math -mconstructor-aliases -munwind-tables -target-cpu x86-64 -tune-cpu generic -fno-split-dwarf-inlining -debugger-tuning=gdb -v -resource-dir /usr/lib/llvm-12/lib/clang/12.0.1 -dependency-file CMakeFiles/cmTC_02d48.dir/CMakeCXXCompilerABI.cpp.o.d -MT CMakeFiles/cmTC_02d48.dir/CMakeCXXCompilerABI.cpp.o -sys-header-deps -internal-isystem /usr/bin/../lib/gcc/x86_64-linux-gnu/12/../../../../include/c++ -internal-isystem /usr/bin/../lib/gcc/x86_64-linux-gnu/12/../../../../include/c++/x86_64-linux-gnu -internal-isystem /usr/bin/../lib/gcc/x86_64-linux-gnu/12/../../../../include/c++/backward -internal-isystem /usr/local/include -internal-isystem /usr/lib/llvm-12/lib/clang/12.0.1/include -internal-externc-isystem /usr/include/x86_64-linux-gnu -internal-externc-isystem /include -internal-externc-isystem /usr/include -fdeprecated-macro -fdebug-compilation-dir /home/eaboudi/Desktop/httpserver/build/CMakeFiles/CMakeTmp -ferror-limit 19 -fgnuc-version=4.2.1 -fcxx-exceptions -fexceptions -faddrsig -o CMakeFiles/cmTC_02d48.dir/CMakeCXXCompilerABI.cpp.o -x c++ /usr/share/cmake-3.22/Modules/CMakeCXXCompilerABI.cpp
clang -cc1 version 12.0.1 based upon LLVM 12.0.1 default target x86_64-pc-linux-gnu
ignoring nonexistent directory "/usr/bin/../lib/gcc/x86_64-linux-gnu/12/../../../../include/c++/x86_64-linux-gnu"
ignoring nonexistent directory "/usr/bin/../lib/gcc/x86_64-linux-gnu/12/../../../../include/c++/backward"
ignoring nonexistent directory "/include"
#include "..." search starts here:
#include <...> search starts here:
 /usr/bin/../lib/gcc/x86_64-linux-gnu/12/../../../../include/c++
 /usr/local/include
 /usr/lib/llvm-12/lib/clang/12.0.1/include
 /usr/include/x86_64-linux-gnu
 /usr/include
End of search list.
Linking CXX executable cmTC_02d48
/usr/bin/cmake -E cmake_link_script CMakeFiles/cmTC_02d48.dir/link.txt --verbose=1
/usr/bin/clang++  -v CMakeFiles/cmTC_02d48.dir/CMakeCXXCompilerABI.cpp.o -o cmTC_02d48 
Ubuntu clang version 12.0.1-19ubuntu3
Target: x86_64-pc-linux-gnu
Thread model: posix
InstalledDir: /usr/bin
Found candidate GCC installation: /usr/bin/../lib/gcc/x86_64-linux-gnu/10
Found candidate GCC installation: /usr/bin/../lib/gcc/x86_64-linux-gnu/11
Found candidate GCC installation: /usr/bin/../lib/gcc/x86_64-linux-gnu/12
Found candidate GCC installation: /usr/lib/gcc/x86_64-linux-gnu/10
Found candidate GCC installation: /usr/lib/gcc/x86_64-linux-gnu/11
Found candidate GCC installation: /usr/lib/gcc/x86_64-linux-gnu/12
Selected GCC installation: /usr/bin/../lib/gcc/x86_64-linux-gnu/12
Candidate multilib: .;@m64
Selected multilib: .;@m64
 "/usr/bin/ld" --build-id --eh-frame-hdr -m elf_x86_64 -dynamic-linker /lib64/ld-linux-x86-64.so.2 -o cmTC_02d48 /usr/bin/../lib/gcc/x86_64-linux-gnu/12/../../../x86_64-linux-gnu/crt1.o /usr/bin/../lib/gcc/x86_64-linux-gnu/12/../../../x86_64-linux-gnu/crti.o /usr/bin/../lib/gcc/x86_64-linux-gnu/12/crtbegin.o -L/usr/bin/../lib/gcc/x86_64-linux-gnu/12 -L/usr/bin/../lib/gcc/x86_64-linux-gnu/12/../../../x86_64-linux-gnu -L/usr/bin/../lib/gcc/x86_64-linux-gnu/12/../../../../lib64 -L/lib/x86_64-linux-gnu -L/lib/../lib64 -L/usr/lib/x86_64-linux-gnu -L/usr/lib/../lib64 -L/usr/lib/x86_64-linux-gnu/../../lib64 -L/usr/bin/../lib/gcc/x86_64-linux-gnu/12/../../.. -L/usr/lib/llvm-12/bin/../lib -L/lib -L/usr/lib CMakeFiles/cmTC_02d48.dir/CMakeCXXCompilerABI.cpp.o -lstdc++ -lm -lgcc_s -lgcc -lc -lgcc_s -lgcc /usr/bin/../lib/gcc/x86_64-linux-gnu/12/crtend.o /usr/bin/../lib/gcc/x86_64-linux-gnu/12/../../../x86_64-linux-gnu/crtn.o
/usr/bin/ld: cannot find -lstdc++: No such file or directory
clang: error: linker command failed with exit code 1 (use -v to see invocation)
gmake[1]: *** [CMakeFiles/cmTC_02d48.dir/build.make:100: cmTC_02d48] Error 1
gmake[1]: Leaving directory '/home/eaboudi/Desktop/httpserver/build/CMakeFiles/CMakeTmp'
gmake: *** [Makefile:127: cmTC_02d48/fast] Error 2




Determining if the CXX compiler works failed with the following output:
Change Dir: /home/eaboudi/Desktop/httpserver/build/CMakeFiles/CMakeTmp

Run Build Command(s):/usr/bin/gmake -f Makefile cmTC_30f08/fast && /usr/bin/gmake  -f CMakeFiles/cmTC_30f08.dir/build.make CMakeFiles/cmTC_30f08.dir/build
gmake[1]: Entering directory '/home/eaboudi/Desktop/httpserver/build/CMakeFiles/CMakeTmp'
Building CXX object CMakeFiles/cmTC_30f08.dir/testCXXCompiler.cxx.o
/usr/bin/clang++    -MD -MT CMakeFiles/cmTC_30f08.dir/testCXXCompiler.cxx.o -MF CMakeFiles/cmTC_30f08.dir/testCXXCompiler.cxx.o.d -o CMakeFiles/cmTC_30f08.dir/testCXXCompiler.cxx.o -c /home/eaboudi/Desktop/httpserver/build/CMakeFiles/CMakeTmp/testCXXCompiler.cxx
Linking CXX executable cmTC_30f08
/usr/bin/cmake -E cmake_link_script CMakeFiles/cmTC_30f08.dir/link.txt --verbose=1
/usr/bin/clang++ CMakeFiles/cmTC_30f08.dir/testCXXCompiler.cxx.o -o cmTC_30f08 
/usr/bin/ld: cannot find -lstdc++: No such file or directory
clang: error: linker command failed with exit code 1 (use -v to see invocation)
gmake[1]: *** [CMakeFiles/cmTC_30f08.dir/build.make:100: cmTC_30f08] Error 1
gmake[1]: Leaving directory '/home/eaboudi/Desktop/httpserver/build/CMakeFiles/CMakeTmp'
gmake: *** [Makefile:127: cmTC_30f08/fast] Error 2



Compiling the CXX compiler identification source file "CMakeCXXCompilerId.cpp" failed.
Compiler: /usr/bin/clang++ 
Build flags: 
Id flags:  

The output was:
1
/usr/bin/ld: cannot find -lstdc++: No such file or directory
clang: error: linker command failed with exit code 1 (use -v to see invocation)


Detecting CXX compiler ABI info failed to compile with the following output:
Change Dir: /home/eaboudi/Desktop/httpserver/build/CMakeFiles/CMakeTmp

Run Build Command(s):/usr/bin/gmake -f Makefile cmTC_cc46a/fast && /usr/bin/gmake  -f CMakeFiles/cmTC_cc46a.dir/build.make CMakeFiles/cmTC_cc46a.dir/build
gmake[1]: Entering directory '/home/eaboudi/Desktop/httpserver/build/CMakeFiles/CMakeTmp'
Building CXX object CMakeFiles/cmTC_cc46a.dir/CMakeCXXCompilerABI.cpp.o
/usr/bin/clang++   -v -MD -MT CMakeFiles/cmTC_cc46a.dir/CMakeCXXCompilerABI.cpp.o -MF CMakeFiles/cmTC_cc46a.dir/CMakeCXXCompilerABI.cpp.o.d -o CMakeFiles/cmTC_cc46a.dir/CMakeCXXCompilerABI.cpp.o -c /usr/share/cmake-3.22/Modules/CMakeCXXCompilerABI.cpp
Ubuntu clang version 12.0.1-19ubuntu3
Target: x86_64-pc-linux-gnu
Thread model: posix
InstalledDir: /usr/bin
Found candidate GCC installation: /usr/bin/../lib/gcc/x86_64-linux-gnu/10
Found candidate GCC installation: /usr/bin/../lib/gcc/x86_64-linux-gnu/11
Found candidate GCC installation: /usr/bin/../lib/gcc/x86_64-linux-gnu/12
Found candidate GCC installation: /usr/lib/gcc/x86_64-linux-gnu/10
Found candidate GCC installation: /usr/lib/gcc/x86_64-linux-gnu/11
Found candidate GCC installation: /usr/lib/gcc/x86_64-linux-gnu/12
Selected GCC installation: /usr/bin/../lib/gcc/x86_64-linux-gnu/12
Candidate multilib: .;@m64
Selected multilib: .;@m64
 (in-process)
 "/usr/lib/llvm-12/bin/clang" -cc1 -triple x86_64-pc-linux-gnu -emit-obj -mrelax-all --mrelax-relocations -disable-free -disable-llvm-verifier -discard-value-names -main-file-name CMakeCXXCompilerABI.cpp -mrelocation-model static -mframe-pointer=all -fmath-errno -fno-rounding-math -mconstructor-aliases -munwind-tables -target-cpu x86-64 -tune-cpu generic -fno-split-dwarf-inlining -debugger-tuning=gdb -v -resource-dir /usr/lib/llvm-12/lib/clang/12.0.1 -dependency-file CMakeFiles/cmTC_cc46a.dir/CMakeCXXCompilerABI.cpp.o.d -MT CMakeFiles/cmTC_cc46a.dir/CMakeCXXCompilerABI.cpp.o -sys-header-deps -internal-isystem /usr/bin/../lib/gcc/x86_64-linux-gnu/12/../../../../include/c++ -internal-isystem /usr/bin/../lib/gcc/x86_64-linux-gnu/12/../../../../include/c++/x86_64-linux-gnu -internal-isystem /usr/bin/../lib/gcc/x86_64-linux-gnu/12/../../../../include/c++/backward -internal-isystem /usr/local/include -internal-isystem /usr/lib/llvm-12/lib/clang/12.0.1/include -internal-externc-isystem /usr/include/x86_64-linux-gnu -internal-externc-isystem /include -internal-externc-isystem /usr/include -fdeprecated-macro -fdebug-compilation-dir /home/eaboudi/Desktop/httpserver/build/CMakeFiles/CMakeTmp -ferror-limit 19 -fgnuc-version=4.2.1 -fcxx-exceptions -fexceptions -faddrsig -o CMakeFiles/cmTC_cc46a.dir/CMakeCXXCompilerABI.cpp.o -x c++ /usr/share/cmake-3.22/Modules/CMakeCXXCompilerABI.cpp
clang -cc1 version 12.0.1 based upon LLVM 12.0.1 default target x86_64-pc-linux-gnu
ignoring nonexistent directory "/usr/bin/../lib/gcc/x86_64-linux-gnu/12/../../../../include/c++/x86_64-linux-gnu"
ignoring nonexistent directory "/usr/bin/../lib/gcc/x86_64-linux-gnu/12/../../../../include/c++/backward"
ignoring nonexistent directory "/include"
#include "..." search starts here:
#include <...> search starts here:
 /usr/bin/../lib/gcc/x86_64-linux-gnu/12/../../../../include/c++
 /usr/local/include
 /usr/lib/llvm-12/lib/clang/12.0.1/include
 /usr/include/x86_64-linux-gnu
 /usr/include
End of search list.
Linking CXX executable cmTC_cc46a
/usr/bin/cmake -E cmake_link_script CMakeFiles/cmTC_cc46a.dir/link.txt --verbose=1
/usr/bin/clang++  -v CMakeFiles/cmTC_cc46a.dir/CMakeCXXCompilerABI.cpp.o -o cmTC_cc46a 
Ubuntu clang version 12.0.1-19ubuntu3
Target: x86_64-pc-linux-gnu
Thread model: posix
InstalledDir: /usr/bin
Found candidate GCC installation: /usr/bin/../lib/gcc/x86_64-linux-gnu/10
Found candidate GCC installation: /usr/bin/../lib/gcc/x86_64-linux-gnu/11
Found candidate GCC installation: /usr/bin/../lib/gcc/x86_64-linux-gnu/12
Found candidate GCC installation: /usr/lib/gcc/x86_64-linux-gnu/10
Found candidate GCC installation: /usr/lib/gcc/x86_64-linux-gnu/11
Found candidate GCC installation: /usr/lib/gcc/x86_64-linux-gnu/12
Selected GCC installation: /usr/bin/../lib/gcc/x86_64-linux-gnu/12
Candidate multilib: .;@m64
Selected multilib: .;@m64
 "/usr/bin/ld" --build-id --eh-frame-hdr -m elf_x86_64 -dynamic-linker /lib64/ld-linux-x86-64.so.2 -o cmTC_cc46a /usr/bin/../lib/gcc/x86_64-linux-gnu/12/../../../x86_64-linux-gnu/crt1.o /usr/bin/../lib/gcc/x86_64-linux-gnu/12/../../../x86_64-linux-gnu/crti.o /usr/bin/../lib/gcc/x86_64-linux-gnu/12/crtbegin.o -L/usr/bin/../lib/gcc/x86_64-linux-gnu/12 -L/usr/bin/../lib/gcc/x86_64-linux-gnu/12/../../../x86_64-linux-gnu -L/usr/bin/../lib/gcc/x86_64-linux-gnu/12/../../../../lib64 -L/lib/x86_64-linux-gnu -L/lib/../lib64 -L/usr/lib/x86_64-linux-gnu -L/usr/lib/../lib64 -L/usr/lib/x86_64-linux-gnu/../../lib64 -L/usr/bin/../lib/gcc/x86_64-linux-gnu/12/../../.. -L/usr/lib/llvm-12/bin/../lib -L/lib -L/usr/lib CMakeFiles/cmTC_cc46a.dir/CMakeCXXCompilerABI.cpp.o -lstdc++ -lm -lgcc_s -lgcc -lc -lgcc_s -lgcc /usr/bin/../lib/gcc/x86_64-linux-gnu/12/crtend.o /usr/bin/../lib/gcc/x86_64-linux-gnu/12/../../../x86_64-linux-gnu/crtn.o
/usr/bin/ld: cannot find -lstdc++: No such file or directory
clang: error: linker command failed with exit code 1 (use -v to see invocation)
gmake[1]: *** [CMakeFiles/cmTC_cc46a.dir/build.make:100: cmTC_cc46a] Error 1
gmake[1]: Leaving directory '/home/eaboudi/Desktop/httpserver/build/CMakeFiles/CMakeTmp'
gmake: *** [Makefile:127: cmTC_cc46a/fast] Error 2




Determining if the CXX compiler works failed with the following output:
Change Dir: /home/eaboudi/Desktop/httpserver/build/CMakeFiles/CMakeTmp

Run Build Command(s):/usr/bin/gmake -f Makefile cmTC_9d63d/fast && /usr/bin/gmake  -f CMakeFiles/cmTC_9d63d.dir/build.make CMakeFiles/cmTC_9d63d.dir/build
gmake[1]: Entering directory '/home/eaboudi/Desktop/httpserver/build/CMakeFiles/CMakeTmp'
Building CXX object CMakeFiles/cmTC_9d63d.dir/testCXXCompiler.cxx.o
/usr/bin/clang++    -MD -MT CMakeFiles/cmTC_9d63d.dir/testCXXCompiler.cxx.o -MF CMakeFiles/cmTC_9d63d.dir/testCXXCompiler.cxx.o.d -o CMakeFiles/cmTC_9d63d.dir/testCXXCompiler.cxx.o -c /home/eaboudi/Desktop/httpserver/build/CMakeFiles/CMakeTmp/testCXXCompiler.cxx
Linking CXX executable cmTC_9d63d
/usr/bin/cmake -E cmake_link_script CMakeFiles/cmTC_9d63d.dir/link.txt --verbose=1
/usr/bin/clang++ CMakeFiles/cmTC_9d63d.dir/testCXXCompiler.cxx.o -o cmTC_9d63d 
/usr/bin/ld: cannot find -lstdc++: No such file or directory
clang: error: linker command failed with exit code 1 (use -v to see invocation)
gmake[1]: *** [CMakeFiles/cmTC_9d63d.dir/build.make:100: cmTC_9d63d] Error 1
gmake[1]: Leaving directory '/home/eaboudi/Desktop/httpserver/build/CMakeFiles/CMakeTmp'
gmake: *** [Makefile:127: cmTC_9d63d/fast] Error 2



Compiling the CXX compiler identification source file "CMakeCXXCompilerId.cpp" failed.
Compiler: /usr/bin/clang++ 
Build flags: 
Id flags:  

The output was:
1
/usr/bin/ld: cannot find -lstdc++: No such file or directory
clang: error: linker command failed with exit code 1 (use -v to see invocation)


Detecting CXX compiler ABI info failed to compile with the following output:
Change Dir: /home/eaboudi/Desktop/httpserver/build/CMakeFiles/CMakeTmp

Run Build Command(s):/usr/bin/gmake -f Makefile cmTC_42546/fast && /usr/bin/gmake  -f CMakeFiles/cmTC_42546.dir/build.make CMakeFiles/cmTC_42546.dir/build
gmake[1]: Entering directory '/home/eaboudi/Desktop/httpserver/build/CMakeFiles/CMakeTmp'
Building CXX object CMakeFiles/cmTC_42546.dir/CMakeCXXCompilerABI.cpp.o
/usr/bin/clang++   -v -MD -MT CMakeFiles/cmTC_42546.dir/CMakeCXXCompilerABI.cpp.o -MF CMakeFiles/cmTC_42546.dir/CMakeCXXCompilerABI.cpp.o.d -o CMakeFiles/cmTC_42546.dir/CMakeCXXCompilerABI.cpp.o -c /usr/share/cmake-3.22/Modules/CMakeCXXCompilerABI.cpp
Ubuntu clang version 12.0.1-19ubuntu3
Target: x86_64-pc-linux-gnu
Thread model: posix
InstalledDir: /usr/bin
Found candidate GCC installation: /usr/bin/../lib/gcc/x86_64-linux-gnu/10
Found candidate GCC installation: /usr/bin/../lib/gcc/x86_64-linux-gnu/11
Found candidate GCC installation: /usr/bin/../lib/gcc/x86_64-linux-gnu/12
Found candidate GCC installation: /usr/lib/gcc/x86_64-linux-gnu/10
Found candidate GCC installation: /usr/lib/gcc/x86_64-linux-gnu/11
Found candidate GCC installation: /usr/lib/gcc/x86_64-linux-gnu/12
Selected GCC installation: /usr/bin/../lib/gcc/x86_64-linux-gnu/12
Candidate multilib: .;@m64
Selected multilib: .;@m64
 (in-process)
 "/usr/lib/llvm-12/bin/clang" -cc1 -triple x86_64-pc-linux-gnu -emit-obj -mrelax-all --mrelax-relocations -disable-free -disable-llvm-verifier -discard-value-names -main-file-name CMakeCXXCompilerABI.cpp -mrelocation-model static -mframe-pointer=all -fmath-errno -fno-rounding-math -mconstructor-aliases -munwind-tables -target-cpu x86-64 -tune-cpu generic -fno-split-dwarf-inlining -debugger-tuning=gdb -v -resource-dir /usr/lib/llvm-12/lib/clang/12.0.1 -dependency-file CMakeFiles/cmTC_42546.dir/CMakeCXXCompilerABI.cpp.o.d -MT CMakeFiles/cmTC_42546.dir/CMakeCXXCompilerABI.cpp.o -sys-header-deps -internal-isystem /usr/bin/../lib/gcc/x86_64-linux-gnu/12/../../../../include/c++ -internal-isystem /usr/bin/../lib/gcc/x86_64-linux-gnu/12/../../../../include/c++/x86_64-linux-gnu -internal-isystem /usr/bin/../lib/gcc/x86_64-linux-gnu/12/../../../../include/c++/backward -internal-isystem /usr/local/include -internal-isystem /usr/lib/llvm-12/lib/clang/12.0.1/include -internal-externc-isystem /usr/include/x86_64-linux-gnu -internal-externc-isystem /include -internal-externc-isystem /usr/include -fdeprecated-macro -fdebug-compilation-dir /home/eaboudi/Desktop/httpserver/build/CMakeFiles/CMakeTmp -ferror-limit 19 -fgnuc-version=4.2.1 -fcxx-exceptions -fexceptions -faddrsig -o CMakeFiles/cmTC_42546.dir/CMakeCXXCompilerABI.cpp.o -x c++ /usr/share/cmake-3.22/Modules/CMakeCXXCompilerABI.cpp
clang -cc1 version 12.0.1 based upon LLVM 12.0.1 default target x86_64-pc-linux-gnu
ignoring nonexistent directory "/usr/bin/../lib/gcc/x86_64-linux-gnu/12/../../../../include/c++/x86_64-linux-gnu"
ignoring nonexistent directory "/usr/bin/../lib/gcc/x86_64-linux-gnu/12/../../../../include/c++/backward"
ignoring nonexistent directory "/include"
#include "..." search starts here:
#include <...> search starts here:
 /usr/bin/../lib/gcc/x86_64-linux-gnu/12/../../../../include/c++
 /usr/local/include
 /usr/lib/llvm-12/lib/clang/12.0.1/include
 /usr/include/x86_64-linux-gnu
 /usr/include
End of search list.
Linking CXX executable cmTC_42546
/usr/bin/cmake -E cmake_link_script CMakeFiles/cmTC_42546.dir/link.txt --verbose=1
/usr/bin/clang++  -v CMakeFiles/cmTC_42546.dir/CMakeCXXCompilerABI.cpp.o -o cmTC_42546 
Ubuntu clang version 12.0.1-19ubuntu3
Target: x86_64-pc-linux-gnu
Thread model: posix
InstalledDir: /usr/bin
Found candidate GCC installation: /usr/bin/../lib/gcc/x86_64-linux-gnu/10
Found candidate GCC installation: /usr/bin/../lib/gcc/x86_64-linux-gnu/11
Found candidate GCC installation: /usr/bin/../lib/gcc/x86_64-linux-gnu/12
Found candidate GCC installation: /usr/lib/gcc/x86_64-linux-gnu/10
Found candidate GCC installation: /usr/lib/gcc/x86_64-linux-gnu/11
Found candidate GCC installation: /usr/lib/gcc/x86_64-linux-gnu/12
Selected GCC installation: /usr/bin/../lib/gcc/x86_64-linux-gnu/12
Candidate multilib: .;@m64
Selected multilib: .;@m64
 "/usr/bin/ld" --build-id --eh-frame-hdr -m elf_x86_64 -dynamic-linker /lib64/ld-linux-x86-64.so.2 -o cmTC_42546 /usr/bin/../lib/gcc/x86_64-linux-gnu/12/../../../x86_64-linux-gnu/crt1.o /usr/bin/../lib/gcc/x86_64-linux-gnu/12/../../../x86_64-linux-gnu/crti.o /usr/bin/../lib/gcc/x86_64-linux-gnu/12/crtbegin.o -L/usr/bin/../lib/gcc/x86_64-linux-gnu/12 -L/usr/bin/../lib/gcc/x86_64-linux-gnu/12/../../../x86_64-linux-gnu -L/usr/bin/../lib/gcc/x86_64-linux-gnu/12/../../../../lib64 -L/lib/x86_64-linux-gnu -L/lib/../lib64 -L/usr/lib/x86_64-linux-gnu -L/usr/lib/../lib64 -L/usr/lib/x86_64-linux-gnu/../../lib64 -L/usr/bin/../lib/gcc/x86_64-linux-gnu/12/../../.. -L/usr/lib/llvm-12/bin/../lib -L/lib -L/usr/lib CMakeFiles/cmTC_42546.dir/CMakeCXXCompilerABI.cpp.o -lstdc++ -lm -lgcc_s -lgcc -lc -lgcc_s -lgcc /usr/bin/../lib/gcc/x86_64-linux-gnu/12/crtend.o /usr/bin/../lib/gcc/x86_64-linux-gnu/12/../../../x86_64-linux-gnu/crtn.o
/usr/bin/ld: cannot find -lstdc++: No such file or directory
clang: error: linker command failed with exit code 1 (use -v to see invocation)
gmake[1]: *** [CMakeFiles/cmTC_42546.dir/build.make:100: cmTC_42546] Error 1
gmake[1]: Leaving directory '/home/eaboudi/Desktop/httpserver/build/CMakeFiles/CMakeTmp'
gmake: *** [Makefile:127: cmTC_42546/fast] Error 2




Determining if the CXX compiler works failed with the following output:
Change Dir: /home/eaboudi/Desktop/httpserver/build/CMakeFiles/CMakeTmp

Run Build Command(s):/usr/bin/gmake -f Makefile cmTC_30d9d/fast && /usr/bin/gmake  -f CMakeFiles/cmTC_30d9d.dir/build.make CMakeFiles/cmTC_30d9d.dir/build
gmake[1]: Entering directory '/home/eaboudi/Desktop/httpserver/build/CMakeFiles/CMakeTmp'
Building CXX object CMakeFiles/cmTC_30d9d.dir/testCXXCompiler.cxx.o
/usr/bin/clang++    -MD -MT CMakeFiles/cmTC_30d9d.dir/testCXXCompiler.cxx.o -MF CMakeFiles/cmTC_30d9d.dir/testCXXCompiler.cxx.o.d -o CMakeFiles/cmTC_30d9d.dir/testCXXCompiler.cxx.o -c /home/eaboudi/Desktop/httpserver/build/CMakeFiles/CMakeTmp/testCXXCompiler.cxx
Linking CXX executable cmTC_30d9d
/usr/bin/cmake -E cmake_link_script CMakeFiles/cmTC_30d9d.dir/link.txt --verbose=1
/usr/bin/clang++ CMakeFiles/cmTC_30d9d.dir/testCXXCompiler.cxx.o -o cmTC_30d9d 
/usr/bin/ld: cannot find -lstdc++: No such file or directory
clang: error: linker command failed with exit code 1 (use -v to see invocation)
gmake[1]: *** [CMakeFiles/cmTC_30d9d.dir/build.make:100: cmTC_30d9d] Error 1
gmake[1]: Leaving directory '/home/eaboudi/Desktop/httpserver/build/CMakeFiles/CMakeTmp'
gmake: *** [Makefile:127: cmTC_30d9d/fast] Error 2



Compiling the CXX compiler identification source file "CMakeCXXCompilerId.cpp" failed.
Compiler: /usr/bin/clang++ 
Build flags: 
Id flags:  

The output was:
1
/usr/bin/ld: cannot find -lstdc++: No such file or directory
clang: error: linker command failed with exit code 1 (use -v to see invocation)


Detecting CXX compiler ABI info failed to compile with the following output:
Change Dir: /home/eaboudi/Desktop/httpserver/build/CMakeFiles/CMakeTmp

Run Build Command(s):/usr/bin/gmake -f Makefile cmTC_a28e9/fast && /usr/bin/gmake  -f CMakeFiles/cmTC_a28e9.dir/build.make CMakeFiles/cmTC_a28e9.dir/build
gmake[1]: Entering directory '/home/eaboudi/Desktop/httpserver/build/CMakeFiles/CMakeTmp'
Building CXX object CMakeFiles/cmTC_a28e9.dir/CMakeCXXCompilerABI.cpp.o
/usr/bin/clang++   -v -MD -MT CMakeFiles/cmTC_a28e9.dir/CMakeCXXCompilerABI.cpp.o -MF CMakeFiles/cmTC_a28e9.dir/CMakeCXXCompilerABI.cpp.o.d -o CMakeFiles/cmTC_a28e9.dir/CMakeCXXCompilerABI.cpp.o -c /usr/share/cmake-3.22/Modules/CMakeCXXCompilerABI.cpp
Ubuntu clang version 12.0.1-19ubuntu3
Target: x86_64-pc-linux-gnu
Thread model: posix
InstalledDir: /usr/bin
Found candidate GCC installation: /usr/bin/../lib/gcc/x86_64-linux-gnu/10
Found candidate GCC installation: /usr/bin/../lib/gcc/x86_64-linux-gnu/11
Found candidate GCC installation: /usr/bin/../lib/gcc/x86_64-linux-gnu/12
Found candidate GCC installation: /usr/lib/gcc/x86_64-linux-gnu/10
Found candidate GCC installation: /usr/lib/gcc/x86_64-linux-gnu/11
Found candidate GCC installation: /usr/lib/gcc/x86_64-linux-gnu/12
Selected GCC installation: /usr/bin/../lib/gcc/x86_64-linux-gnu/12
Candidate multilib: .;@m64
Selected multilib: .;@m64
 (in-process)
 "/usr/lib/llvm-12/bin/clang" -cc1 -triple x86_64-pc-linux-gnu -emit-obj -mrelax-all --mrelax-relocations -disable-free -disable-llvm-verifier -discard-value-names -main-file-name CMakeCXXCompilerABI.cpp -mrelocation-model static -mframe-pointer=all -fmath-errno -fno-rounding-math -mconstructor-aliases -munwind-tables -target-cpu x86-64 -tune-cpu generic -fno-split-dwarf-inlining -debugger-tuning=gdb -v -resource-dir /usr/lib/llvm-12/lib/clang/12.0.1 -dependency-file CMakeFiles/cmTC_a28e9.dir/CMakeCXXCompilerABI.cpp.o.d -MT CMakeFiles/cmTC_a28e9.dir/CMakeCXXCompilerABI.cpp.o -sys-header-deps -internal-isystem /usr/bin/../lib/gcc/x86_64-linux-gnu/12/../../../../include/c++ -internal-isystem /usr/bin/../lib/gcc/x86_64-linux-gnu/12/../../../../include/c++/x86_64-linux-gnu -internal-isystem /usr/bin/../lib/gcc/x86_64-linux-gnu/12/../../../../include/c++/backward -internal-isystem /usr/local/include -internal-isystem /usr/lib/llvm-12/lib/clang/12.0.1/include -internal-externc-isystem /usr/include/x86_64-linux-gnu -internal-externc-isystem /include -internal-externc-isystem /usr/include -fdeprecated-macro -fdebug-compilation-dir /home/eaboudi/Desktop/httpserver/build/CMakeFiles/CMakeTmp -ferror-limit 19 -fgnuc-version=4.2.1 -fcxx-exceptions -fexceptions -faddrsig -o CMakeFiles/cmTC_a28e9.dir/CMakeCXXCompilerABI.cpp.o -x c++ /usr/share/cmake-3.22/Modules/CMakeCXXCompilerABI.cpp
clang -cc1 version 12.0.1 based upon LLVM 12.0.1 default target x86_64-pc-linux-gnu
ignoring nonexistent directory "/usr/bin/../lib/gcc/x86_64-linux-gnu/12/../../../../include/c++/x86_64-linux-gnu"
ignoring nonexistent directory "/usr/bin/../lib/gcc/x86_64-linux-gnu/12/../../../../include/c++/backward"
ignoring nonexistent directory "/include"
#include "..." search starts here:
#include <...> search starts here:
 /usr/bin/../lib/gcc/x86_64-linux-gnu/12/../../../../include/c++
 /usr/local/include
 /usr/lib/llvm-12/lib/clang/12.0.1/include
 /usr/include/x86_64-linux-gnu
 /usr/include
End of search list.
Linking CXX executable cmTC_a28e9
/usr/bin/cmake -E cmake_link_script CMakeFiles/cmTC_a28e9.dir/link.txt --verbose=1
/usr/bin/clang++  -v CMakeFiles/cmTC_a28e9.dir/CMakeCXXCompilerABI.cpp.o -o cmTC_a28e9 
Ubuntu clang version 12.0.1-19ubuntu3
Target: x86_64-pc-linux-gnu
Thread model: posix
InstalledDir: /usr/bin
Found candidate GCC installation: /usr/bin/../lib/gcc/x86_64-linux-gnu/10
Found candidate GCC installation: /usr/bin/../lib/gcc/x86_64-linux-gnu/11
Found candidate GCC installation: /usr/bin/../lib/gcc/x86_64-linux-gnu/12
Found candidate GCC installation: /usr/lib/gcc/x86_64-linux-gnu/10
Found candidate GCC installation: /usr/lib/gcc/x86_64-linux-gnu/11
Found candidate GCC installation: /usr/lib/gcc/x86_64-linux-gnu/12
Selected GCC installation: /usr/bin/../lib/gcc/x86_64-linux-gnu/12
Candidate multilib: .;@m64
Selected multilib: .;@m64
 "/usr/bin/ld" --build-id --eh-frame-hdr -m elf_x86_64 -dynamic-linker /lib64/ld-linux-x86-64.so.2 -o cmTC_a28e9 /usr/bin/../lib/gcc/x86_64-linux-gnu/12/../../../x86_64-linux-gnu/crt1.o /usr/bin/../lib/gcc/x86_64-linux-gnu/12/../../../x86_64-linux-gnu/crti.o /usr/bin/../lib/gcc/x86_64-linux-gnu/12/crtbegin.o -L/usr/bin/../lib/gcc/x86_64-linux-gnu/12 -L/usr/bin/../lib/gcc/x86_64-linux-gnu/12/../../../x86_64-linux-gnu -L/usr/bin/../lib/gcc/x86_64-linux-gnu/12/../../../../lib64 -L/lib/x86_64-linux-gnu -L/lib/../lib64 -L/usr/lib/x86_64-linux-gnu -L/usr/lib/../lib64 -L/usr/lib/x86_64-linux-gnu/../../lib64 -L/usr/bin/../lib/gcc/x86_64-linux-gnu/12/../../.. -L/usr/lib/llvm-12/bin/../lib -L/lib -L/usr/lib CMakeFiles/cmTC_a28e9.dir/CMakeCXXCompilerABI.cpp.o -lstdc++ -lm -lgcc_s -lgcc -lc -lgcc_s -lgcc /usr/bin/../lib/gcc/x86_64-linux-gnu/12/crtend.o /usr/bin/../lib/gcc/x86_64-linux-gnu/12/../../../x86_64-linux-gnu/crtn.o
/usr/bin/ld: cannot find -lstdc++: No such file or directory
clang: error: linker command failed with exit code 1 (use -v to see invocation)
gmake[1]: *** [CMakeFiles/cmTC_a28e9.dir/build.make:100: cmTC_a28e9] Error 1
gmake[1]: Leaving directory '/home/eaboudi/Desktop/httpserver/build/CMakeFiles/CMakeTmp'
gmake: *** [Makefile:127: cmTC_a28e9/fast] Error 2




Determining if the CXX compiler works failed with the following output:
Change Dir: /home/eaboudi/Desktop/httpserver/build/CMakeFiles/CMakeTmp

Run Build Command(s):/usr/bin/gmake -f Makefile cmTC_cd4ba/fast && /usr/bin/gmake  -f CMakeFiles/cmTC_cd4ba.dir/build.make CMakeFiles/cmTC_cd4ba.dir/build
gmake[1]: Entering directory '/home/eaboudi/Desktop/httpserver/build/CMakeFiles/CMakeTmp'
Building CXX object CMakeFiles/cmTC_cd4ba.dir/testCXXCompiler.cxx.o
/usr/bin/clang++    -MD -MT CMakeFiles/cmTC_cd4ba.dir/testCXXCompiler.cxx.o -MF CMakeFiles/cmTC_cd4ba.dir/testCXXCompiler.cxx.o.d -o CMakeFiles/cmTC_cd4ba.dir/testCXXCompiler.cxx.o -c /home/eaboudi/Desktop/httpserver/build/CMakeFiles/CMakeTmp/testCXXCompiler.cxx
Linking CXX executable cmTC_cd4ba
/usr/bin/cmake -E cmake_link_script CMakeFiles/cmTC_cd4ba.dir/link.txt --verbose=1
/usr/bin/clang++ CMakeFiles/cmTC_cd4ba.dir/testCXXCompiler.cxx.o -o cmTC_cd4ba 
/usr/bin/ld: cannot find -lstdc++: No such file or directory
clang: error: linker command failed with exit code 1 (use -v to see invocation)
gmake[1]: *** [CMakeFiles/cmTC_cd4ba.dir/build.make:100: cmTC_cd4ba] Error 1
gmake[1]: Leaving directory '/home/eaboudi/Desktop/httpserver/build/CMakeFiles/CMakeTmp'
gmake: *** [Makefile:127: cmTC_cd4ba/fast] Error 2



Compiling the CXX compiler identification source file "CMakeCXXCompilerId.cpp" failed.
Compiler: /usr/bin/clang++ 
Build flags: 
Id flags:  

The output was:
1
/usr/bin/ld: cannot find -lstdc++: No such file or directory
clang: error: linker command failed with exit code 1 (use -v to see invocation)


Detecting CXX compiler ABI info failed to compile with the following output:
Change Dir: /home/eaboudi/Desktop/httpserver/build/CMakeFiles/CMakeTmp

Run Build Command(s):/usr/bin/gmake -f Makefile cmTC_a2790/fast && /usr/bin/gmake  -f CMakeFiles/cmTC_a2790.dir/build.make CMakeFiles/cmTC_a2790.dir/build
gmake[1]: Entering directory '/home/eaboudi/Desktop/httpserver/build/CMakeFiles/CMakeTmp'
Building CXX object CMakeFiles/cmTC_a2790.dir/CMakeCXXCompilerABI.cpp.o
/usr/bin/clang++   -v -MD -MT CMakeFiles/cmTC_a2790.dir/CMakeCXXCompilerABI.cpp.o -MF CMakeFiles/cmTC_a2790.dir/CMakeCXXCompilerABI.cpp.o.d -o CMakeFiles/cmTC_a2790.dir/CMakeCXXCompilerABI.cpp.o -c /usr/share/cmake-3.22/Modules/CMakeCXXCompilerABI.cpp
Ubuntu clang version 12.0.1-19ubuntu3
Target: x86_64-pc-linux-gnu
Thread model: posix
InstalledDir: /usr/bin
Found candidate GCC installation: /usr/bin/../lib/gcc/x86_64-linux-gnu/10
Found candidate GCC installation: /usr/bin/../lib/gcc/x86_64-linux-gnu/11
Found candidate GCC installation: /usr/bin/../lib/gcc/x86_64-linux-gnu/12
Found candidate GCC installation: /usr/lib/gcc/x86_64-linux-gnu/10
Found candidate GCC installation: /usr/lib/gcc/x86_64-linux-gnu/11
Found candidate GCC installation: /usr/lib/gcc/x86_64-linux-gnu/12
Selected GCC installation: /usr/bin/../lib/gcc/x86_64-linux-gnu/12
Candidate multilib: .;@m64
Selected multilib: .;@m64
 (in-process)
 "/usr/lib/llvm-12/bin/clang" -cc1 -triple x86_64-pc-linux-gnu -emit-obj -mrelax-all --mrelax-relocations -disable-free -disable-llvm-verifier -discard-value-names -main-file-name CMakeCXXCompilerABI.cpp -mrelocation-model static -mframe-pointer=all -fmath-errno -fno-rounding-math -mconstructor-aliases -munwind-tables -target-cpu x86-64 -tune-cpu generic -fno-split-dwarf-inlining -debugger-tuning=gdb -v -resource-dir /usr/lib/llvm-12/lib/clang/12.0.1 -dependency-file CMakeFiles/cmTC_a2790.dir/CMakeCXXCompilerABI.cpp.o.d -MT CMakeFiles/cmTC_a2790.dir/CMakeCXXCompilerABI.cpp.o -sys-header-deps -internal-isystem /usr/bin/../lib/gcc/x86_64-linux-gnu/12/../../../../include/c++ -internal-isystem /usr/bin/../lib/gcc/x86_64-linux-gnu/12/../../../../include/c++/x86_64-linux-gnu -internal-isystem /usr/bin/../lib/gcc/x86_64-linux-gnu/12/../../../../include/c++/backward -internal-isystem /usr/local/include -internal-isystem /usr/lib/llvm-12/lib/clang/12.0.1/include -internal-externc-isystem /usr/include/x86_64-linux-gnu -internal-externc-isystem /include -internal-externc-isystem /usr/include -fdeprecated-macro -fdebug-compilation-dir /home/eaboudi/Desktop/httpserver/build/CMakeFiles/CMakeTmp -ferror-limit 19 -fgnuc-version=4.2.1 -fcxx-exceptions -fexceptions -faddrsig -o CMakeFiles/cmTC_a2790.dir/CMakeCXXCompilerABI.cpp.o -x c++ /usr/share/cmake-3.22/Modules/CMakeCXXCompilerABI.cpp
clang -cc1 version 12.0.1 based upon LLVM 12.0.1 default target x86_64-pc-linux-gnu
ignoring nonexistent directory "/usr/bin/../lib/gcc/x86_64-linux-gnu/12/../../../../include/c++/x86_64-linux-gnu"
ignoring nonexistent directory "/usr/bin/../lib/gcc/x86_64-linux-gnu/12/../../../../include/c++/backward"
ignoring nonexistent directory "/include"
#include "..." search starts here:
#include <...> search starts here:
 /usr/bin/../lib/gcc/x86_64-linux-gnu/12/../../../../include/c++
 /usr/local/include
 /usr/lib/llvm-12/lib/clang/12.0.1/include
 /usr/include/x86_64-linux-gnu
 /usr/include
End of search list.
Linking CXX executable cmTC_a2790
/usr/bin/cmake -E cmake_link_script CMakeFiles/cmTC_a2790.dir/link.txt --verbose=1
/usr/bin/clang++  -v CMakeFiles/cmTC_a2790.dir/CMakeCXXCompilerABI.cpp.o -o cmTC_a2790 
Ubuntu clang version 12.0.1-19ubuntu3
Target: x86_64-pc-linux-gnu
Thread model: posix
InstalledDir: /usr/bin
Found candidate GCC installation: /usr/bin/../lib/gcc/x86_64-linux-gnu/10
Found candidate GCC installation: /usr/bin/../lib/gcc/x86_64-linux-gnu/11
Found candidate GCC installation: /usr/bin/../lib/gcc/x86_64-linux-gnu/12
Found candidate GCC installation: /usr/lib/gcc/x86_64-linux-gnu/10
Found candidate GCC installation: /usr/lib/gcc/x86_64-linux-gnu/11
Found candidate GCC installation: /usr/lib/gcc/x86_64-linux-gnu/12
Selected GCC installation: /usr/bin/../lib/gcc/x86_64-linux-gnu/12
Candidate multilib: .;@m64
Selected multilib: .;@m64
 "/usr/bin/ld" --build-id --eh-frame-hdr -m elf_x86_64 -dynamic-linker /lib64/ld-linux-x86-64.so.2 -o cmTC_a2790 /usr/bin/../lib/gcc/x86_64-linux-gnu/12/../../../x86_64-linux-gnu/crt1.o /usr/bin/../lib/gcc/x86_64-linux-gnu/12/../../../x86_64-linux-gnu/crti.o /usr/bin/../lib/gcc/x86_64-linux-gnu/12/crtbegin.o -L/usr/bin/../lib/gcc/x86_64-linux-gnu/12 -L/usr/bin/../lib/gcc/x86_64-linux-gnu/12/../../../x86_64-linux-gnu -L/usr/bin/../lib/gcc/x86_64-linux-gnu/12/../../../../lib64 -L/lib/x86_64-linux-gnu -L/lib/../lib64 -L/usr/lib/x86_64-linux-gnu -L/usr/lib/../lib64 -L/usr/lib/x86_64-linux-gnu/../../lib64 -L/usr/bin/../lib/gcc/x86_64-linux-gnu/12/../../.. -L/usr/lib/llvm-12/bin/../lib -L/lib -L/usr/lib CMakeFiles/cmTC_a2790.dir/CMakeCXXCompilerABI.cpp.o -lstdc++ -lm -lgcc_s -lgcc -lc -lgcc_s -lgcc /usr/bin/../lib/gcc/x86_64-linux-gnu/12/crtend.o /usr/bin/../lib/gcc/x86_64-linux-gnu/12/../../../x86_64-linux-gnu/crtn.o
/usr/bin/ld: cannot find -lstdc++: No such file or directory
clang: error: linker command failed with exit code 1 (use -v to see invocation)
gmake[1]: *** [CMakeFiles/cmTC_a2790.dir/build.make:100: cmTC_a2790] Error 1
gmake[1]: Leaving directory '/home/eaboudi/Desktop/httpserver/build/CMakeFiles/CMakeTmp'
gmake: *** [Makefile:127: cmTC_a2790/fast] Error 2




Determining if the CXX compiler works failed with the following output:
Change Dir: /home/eaboudi/Desktop/httpserver/build/CMakeFiles/CMakeTmp

Run Build Command(s):/usr/bin/gmake -f Makefile cmTC_e9677/fast && /usr/bin/gmake  -f CMakeFiles/cmTC_e9677.dir/build.make CMakeFiles/cmTC_e9677.dir/build
gmake[1]: Entering directory '/home/eaboudi/Desktop/httpserver/build/CMakeFiles/CMakeTmp'
Building CXX object CMakeFiles/cmTC_e9677.dir/testCXXCompiler.cxx.o
/usr/bin/clang++    -MD -MT CMakeFiles/cmTC_e9677.dir/testCXXCompiler.cxx.o -MF CMakeFiles/cmTC_e9677.dir/testCXXCompiler.cxx.o.d -o CMakeFiles/cmTC_e9677.dir/testCXXCompiler.cxx.o -c /home/eaboudi/Desktop/httpserver/build/CMakeFiles/CMakeTmp/testCXXCompiler.cxx
Linking CXX executable cmTC_e9677
/usr/bin/cmake -E cmake_link_script CMakeFiles/cmTC_e9677.dir/link.txt --verbose=1
/usr/bin/clang++ CMakeFiles/cmTC_e9677.dir/testCXXCompiler.cxx.o -o cmTC_e9677 
/usr/bin/ld: cannot find -lstdc++: No such file or directory
clang: error: linker command failed with exit code 1 (use -v to see invocation)
gmake[1]: *** [CMakeFiles/cmTC_e9677.dir/build.make:100: cmTC_e9677] Error 1
gmake[1]: Leaving directory '/home/eaboudi/Desktop/httpserver/build/CMakeFiles/CMakeTmp'
gmake: *** [Makefile:127: cmTC_e9677/fast] Error 2



Compiling the CXX compiler identification source file "CMakeCXXCompilerId.cpp" failed.
Compiler: /usr/bin/clang++ 
Build flags: 
Id flags:  

The output was:
1
/usr/bin/ld: cannot find -lstdc++: No such file or directory
clang: error: linker command failed with exit code 1 (use -v to see invocation)


Detecting CXX compiler ABI info failed to compile with the following output:
Change Dir: /home/eaboudi/Desktop/httpserver/build/CMakeFiles/CMakeTmp

Run Build Command(s):/usr/bin/gmake -f Makefile cmTC_86ebd/fast && /usr/bin/gmake  -f CMakeFiles/cmTC_86ebd.dir/build.make CMakeFiles/cmTC_86ebd.dir/build
gmake[1]: Entering directory '/home/eaboudi/Desktop/httpserver/build/CMakeFiles/CMakeTmp'
Building CXX object CMakeFiles/cmTC_86ebd.dir/CMakeCXXCompilerABI.cpp.o
/usr/bin/clang++   -v -MD -MT CMakeFiles/cmTC_86ebd.dir/CMakeCXXCompilerABI.cpp.o -MF CMakeFiles/cmTC_86ebd.dir/CMakeCXXCompilerABI.cpp.o.d -o CMakeFiles/cmTC_86ebd.dir/CMakeCXXCompilerABI.cpp.o -c /usr/share/cmake-3.22/Modules/CMakeCXXCompilerABI.cpp
Ubuntu clang version 12.0.1-19ubuntu3
Target: x86_64-pc-linux-gnu
Thread model: posix
InstalledDir: /usr/bin
Found candidate GCC installation: /usr/bin/../lib/gcc/x86_64-linux-gnu/10
Found candidate GCC installation: /usr/bin/../lib/gcc/x86_64-linux-gnu/11
Found candidate GCC installation: /usr/bin/../lib/gcc/x86_64-linux-gnu/12
Found candidate GCC installation: /usr/lib/gcc/x86_64-linux-gnu/10
Found candidate GCC installation: /usr/lib/gcc/x86_64-linux-gnu/11
Found candidate GCC installation: /usr/lib/gcc/x86_64-linux-gnu/12
Selected GCC installation: /usr/bin/../lib/gcc/x86_64-linux-gnu/12
Candidate multilib: .;@m64
Selected multilib: .;@m64
 (in-process)
 "/usr/lib/llvm-12/bin/clang" -cc1 -triple x86_64-pc-linux-gnu -emit-obj -mrelax-all --mrelax-relocations -disable-free -disable-llvm-verifier -discard-value-names -main-file-name CMakeCXXCompilerABI.cpp -mrelocation-model static -mframe-pointer=all -fmath-errno -fno-rounding-math -mconstructor-aliases -munwind-tables -target-cpu x86-64 -tune-cpu generic -fno-split-dwarf-inlining -debugger-tuning=gdb -v -resource-dir /usr/lib/llvm-12/lib/clang/12.0.1 -dependency-file CMakeFiles/cmTC_86ebd.dir/CMakeCXXCompilerABI.cpp.o.d -MT CMakeFiles/cmTC_86ebd.dir/CMakeCXXCompilerABI.cpp.o -sys-header-deps -internal-isystem /usr/bin/../lib/gcc/x86_64-linux-gnu/12/../../../../include/c++ -internal-isystem /usr/bin/../lib/gcc/x86_64-linux-gnu/12/../../../../include/c++/x86_64-linux-gnu -internal-isystem /usr/bin/../lib/gcc/x86_64-linux-gnu/12/../../../../include/c++/backward -internal-isystem /usr/local/include -internal-isystem /usr/lib/llvm-12/lib/clang/12.0.1/include -internal-externc-isystem /usr/include/x86_64-linux-gnu -internal-externc-isystem /include -internal-externc-isystem /usr/include -fdeprecated-macro -fdebug-compilation-dir /home/eaboudi/Desktop/httpserver/build/CMakeFiles/CMakeTmp -ferror-limit 19 -fgnuc-version=4.2.1 -fcxx-exceptions -fexceptions -faddrsig -o CMakeFiles/cmTC_86ebd.dir/CMakeCXXCompilerABI.cpp.o -x c++ /usr/share/cmake-3.22/Modules/CMakeCXXCompilerABI.cpp
clang -cc1 version 12.0.1 based upon LLVM 12.0.1 default target x86_64-pc-linux-gnu
ignoring nonexistent directory "/usr/bin/../lib/gcc/x86_64-linux-gnu/12/../../../../include/c++/x86_64-linux-gnu"
ignoring nonexistent directory "/usr/bin/../lib/gcc/x86_64-linux-gnu/12/../../../../include/c++/backward"
ignoring nonexistent directory "/include"
#include "..." search starts here:
#include <...> search starts here:
 /usr/bin/../lib/gcc/x86_64-linux-gnu/12/../../../../include/c++
 /usr/local/include
 /usr/lib/llvm-12/lib/clang/12.0.1/include
 /usr/include/x86_64-linux-gnu
 /usr/include
End of search list.
Linking CXX executable cmTC_86ebd
/usr/bin/cmake -E cmake_link_script CMakeFiles/cmTC_86ebd.dir/link.txt --verbose=1
/usr/bin/clang++  -v CMakeFiles/cmTC_86ebd.dir/CMakeCXXCompilerABI.cpp.o -o cmTC_86ebd 
Ubuntu clang version 12.0.1-19ubuntu3
Target: x86_64-pc-linux-gnu
Thread model: posix
InstalledDir: /usr/bin
Found candidate GCC installation: /usr/bin/../lib/gcc/x86_64-linux-gnu/10
Found candidate GCC installation: /usr/bin/../lib/gcc/x86_64-linux-gnu/11
Found candidate GCC installation: /usr/bin/../lib/gcc/x86_64-linux-gnu/12
Found candidate GCC installation: /usr/lib/gcc/x86_64-linux-gnu/10
Found candidate GCC installation: /usr/lib/gcc/x86_64-linux-gnu/11
Found candidate GCC installation: /usr/lib/gcc/x86_64-linux-gnu/12
Selected GCC installation: /usr/bin/../lib/gcc/x86_64-linux-gnu/12
Candidate multilib: .;@m64
Selected multilib: .;@m64
 "/usr/bin/ld" --build-id --eh-frame-hdr -m elf_x86_64 -dynamic-linker /lib64/ld-linux-x86-64.so.2 -o cmTC_86ebd /usr/bin/../lib/gcc/x86_64-linux-gnu/12/../../../x86_64-linux-gnu/crt1.o /usr/bin/../lib/gcc/x86_64-linux-gnu/12/../../../x86_64-linux-gnu/crti.o /usr/bin/../lib/gcc/x86_64-linux-gnu/12/crtbegin.o -L/usr/bin/../lib/gcc/x86_64-linux-gnu/12 -L/usr/bin/../lib/gcc/x86_64-linux-gnu/12/../../../x86_64-linux-gnu -L/usr/bin/../lib/gcc/x86_64-linux-gnu/12/../../../../lib64 -L/lib/x86_64-linux-gnu -L/lib/../lib64 -L/usr/lib/x86_64-linux-gnu -L/usr/lib/../lib64 -L/usr/lib/x86_64-linux-gnu/../../lib64 -L/usr/bin/../lib/gcc/x86_64-linux-gnu/12/../../.. -L/usr/lib/llvm-12/bin/../lib -L/lib -L/usr/lib CMakeFiles/cmTC_86ebd.dir/CMakeCXXCompilerABI.cpp.o -lstdc++ -lm -lgcc_s -lgcc -lc -lgcc_s -lgcc /usr/bin/../lib/gcc/x86_64-linux-gnu/12/crtend.o /usr/bin/../lib/gcc/x86_64-linux-gnu/12/../../../x86_64-linux-gnu/crtn.o
/usr/bin/ld: cannot find -lstdc++: No such file or directory
clang: error: linker command failed with exit code 1 (use -v to see invocation)
gmake[1]: *** [CMakeFiles/cmTC_86ebd.dir/build.make:100: cmTC_86ebd] Error 1
gmake[1]: Leaving directory '/home/eaboudi/Desktop/httpserver/build/CMakeFiles/CMakeTmp'
gmake: *** [Makefile:127: cmTC_86ebd/fast] Error 2




Determining if the CXX compiler works failed with the following output:
Change Dir: /home/eaboudi/Desktop/httpserver/build/CMakeFiles/CMakeTmp

Run Build Command(s):/usr/bin/gmake -f Makefile cmTC_511a5/fast && /usr/bin/gmake  -f CMakeFiles/cmTC_511a5.dir/build.make CMakeFiles/cmTC_511a5.dir/build
gmake[1]: Entering directory '/home/eaboudi/Desktop/httpserver/build/CMakeFiles/CMakeTmp'
Building CXX object CMakeFiles/cmTC_511a5.dir/testCXXCompiler.cxx.o
/usr/bin/clang++    -MD -MT CMakeFiles/cmTC_511a5.dir/testCXXCompiler.cxx.o -MF CMakeFiles/cmTC_511a5.dir/testCXXCompiler.cxx.o.d -o CMakeFiles/cmTC_511a5.dir/testCXXCompiler.cxx.o -c /home/eaboudi/Desktop/httpserver/build/CMakeFiles/CMakeTmp/testCXXCompiler.cxx
Linking CXX executable cmTC_511a5
/usr/bin/cmake -E cmake_link_script CMakeFiles/cmTC_511a5.dir/link.txt --verbose=1
/usr/bin/clang++ CMakeFiles/cmTC_511a5.dir/testCXXCompiler.cxx.o -o cmTC_511a5 
/usr/bin/ld: cannot find -lstdc++: No such file or directory
clang: error: linker command failed with exit code 1 (use -v to see invocation)
gmake[1]: *** [CMakeFiles/cmTC_511a5.dir/build.make:100: cmTC_511a5] Error 1
gmake[1]: Leaving directory '/home/eaboudi/Desktop/httpserver/build/CMakeFiles/CMakeTmp'
gmake: *** [Makefile:127: cmTC_511a5/fast] Error 2



